0 info it worked if it ends with ok
1 verbose cli [ 'D:\\node.js\\node.exe',
1 verbose cli   'D:\\node.js\\node_modules\\npm\\bin\\npm-cli.js',
1 verbose cli   'start' ]
2 info using npm@4.0.5
3 info using node@v7.4.0
4 verbose run-script [ 'prestart', 'start', 'poststart' ]
5 info lifecycle router_test@0.1.0~prestart: router_test@0.1.0
6 silly lifecycle router_test@0.1.0~prestart: no script for prestart, continuing
7 info lifecycle router_test@0.1.0~start: router_test@0.1.0
8 verbose lifecycle router_test@0.1.0~start: unsafe-perm in lifecycle true
9 verbose lifecycle router_test@0.1.0~start: PATH: D:\node.js\node_modules\npm\bin\node-gyp-bin;C:\Users\Administrator\Downloads\1115_ReactTest-master\react-router_test\prepare\router_test\node_modules\.bin;C:\Program Files\Git\git-cheetah\..\bin;C:\Program Files (x86)\Parallels\Parallels Tools\Applications;D:\3.nodejs\courseware\1. summary\9. mongoDB_mongooose\mongodb\install\mongodb\v2\mongodb-win32-i386-2.6.9 32\mongodb-win32-i386-2.6.9\bin;D:\node.js;D:\node.js\node_global;D:\node.js\node_global\node_modules;C:\Users\Administrator\AppData\Roaming\npm
10 verbose lifecycle router_test@0.1.0~start: CWD: C:\Users\Administrator\Downloads\1115_ReactTest-master\react-router_test\prepare\router_test
11 silly lifecycle router_test@0.1.0~start: Args: [ '/d /s /c', 'react-scripts start' ]
12 verbose stack Error: kill ENOSYS
12 verbose stack     at exports._errnoException (util.js:1022:11)
12 verbose stack     at process.kill (internal/process.js:173:13)
12 verbose stack     at process.listener (D:\node.js\node_modules\npm\node_modules\npmlog\node_modules\gauge\node_modules\signal-exit\index.js:86:15)
12 verbose stack     at emitNone (events.js:91:20)
12 verbose stack     at process.emit (events.js:185:7)
12 verbose stack     at processEmit (D:\node.js\node_modules\npm\node_modules\npmlog\node_modules\gauge\node_modules\signal-exit\index.js:146:32)
12 verbose stack     at processEmit (D:\node.js\node_modules\npm\node_modules\npm-registry-client\node_modules\npmlog\node_modules\gauge\node_modules\signal-exit\index.js:146:32)
12 verbose stack     at Signal.wrap.onsignal (internal/process.js:200:44)
13 verbose cwd C:\Users\Administrator\Downloads\1115_ReactTest-master\react-router_test\prepare\router_test
14 error Windows_NT 6.1.7601
15 error argv "D:\\node.js\\node.exe" "D:\\node.js\\node_modules\\npm\\bin\\npm-cli.js" "start"
16 error node v7.4.0
17 error npm  v4.0.5
18 error code ENOSYS
19 error errno ENOSYS
20 error syscall kill
21 error kill ENOSYS
22 error If you need help, you may report this error at:
22 error     <https://github.com/npm/npm/issues>
23 verbose exit [ 1, true ]
